<?xml version="1.0" encoding="UTF-8"?>
<!-- Generated by org.testng.reporters.JUnitXMLReporter -->
<testsuite hostname="DESKTOP-KQUFIDC" ignored="0" name="Default test" tests="20" failures="0" timestamp="22 Aug 2020 14:50:13 GMT" time="0.791" errors="0">
  <testcase name="@BeforeTest HomePageSetUp" time="0.0" classname="com.qa.ClearTripQA.tests.HomePageTest">
    <failure type="org.testng.TestNGException" message="
Parameter &amp;apos;browser&amp;apos; is required by BeforeTest on method HomePageSetUp but has not been marked @Optional or defined
in C:\Users\14387\AppData\Local\Temp\testng-eclipse-1377416710\testng-customsuite.xml">
      <![CDATA[org.testng.TestNGException: 
Parameter 'browser' is required by BeforeTest on method HomePageSetUp but has not been marked @Optional or defined
in C:\Users\14387\AppData\Local\Temp\testng-eclipse-1377416710\testng-customsuite.xml
at org.testng.internal.Parameters.createParams(Parameters.java:290)
at org.testng.internal.Parameters.createParametersForMethod(Parameters.java:359)
at org.testng.internal.Parameters.createParameters(Parameters.java:620)
at org.testng.internal.Parameters.createConfigurationParameters(Parameters.java:190)
at org.testng.internal.Invoker.invokeConfigurations(Invoker.java:209)
at org.testng.internal.Invoker.invokeConfigurations(Invoker.java:142)
at org.testng.TestRunner.beforeRun(TestRunner.java:529)
at org.testng.TestRunner.run(TestRunner.java:497)
at org.testng.SuiteRunner.runTest(SuiteRunner.java:455)
at org.testng.SuiteRunner.runSequentially(SuiteRunner.java:450)
at org.testng.SuiteRunner.privateRun(SuiteRunner.java:415)
at org.testng.SuiteRunner.run(SuiteRunner.java:364)
at org.testng.SuiteRunnerWorker.runSuite(SuiteRunnerWorker.java:52)
at org.testng.SuiteRunnerWorker.run(SuiteRunnerWorker.java:84)
at org.testng.TestNG.runSuitesSequentially(TestNG.java:1208)
at org.testng.TestNG.runSuitesLocally(TestNG.java:1137)
at org.testng.TestNG.runSuites(TestNG.java:1049)
at org.testng.TestNG.run(TestNG.java:1017)
at org.testng.remote.AbstractRemoteTestNG.run(AbstractRemoteTestNG.java:115)
at org.testng.remote.RemoteTestNG.initAndRun(RemoteTestNG.java:251)
at org.testng.remote.RemoteTestNG.main(RemoteTestNG.java:77)
]]>
    </failure>
  </testcase> <!-- @BeforeTest HomePageSetUp -->
  <testcase name="@AfterTest tearDown" time="0.0" classname="com.qa.ClearTripQA.tests.HomePageTest">
    <skipped/>
  </testcase> <!-- @AfterTest tearDown -->
  <testcase name="verfiyHomePageTitle" time="0.0" classname="com.qa.ClearTripQA.tests.HomePageTest">
    <skipped/>
  </testcase> <!-- verfiyHomePageTitle -->
  <testcase name="verifyPageHeader" time="0.0" classname="com.qa.ClearTripQA.tests.HomePageTest">
    <skipped/>
  </testcase> <!-- verifyPageHeader -->
  <testcase name="verifyOneWay" time="0.0" classname="com.qa.ClearTripQA.tests.HomePageTest">
    <skipped/>
  </testcase> <!-- verifyOneWay -->
  <testcase name="verifyselectFrom" time="0.0" classname="com.qa.ClearTripQA.tests.HomePageTest">
    <skipped/>
  </testcase> <!-- verifyselectFrom -->
  <testcase name="verifySelectDestination" time="0.0" classname="com.qa.ClearTripQA.tests.HomePageTest">
    <skipped/>
  </testcase> <!-- verifySelectDestination -->
  <testcase name="verifycalenderDate" time="0.0" classname="com.qa.ClearTripQA.tests.HomePageTest">
    <skipped/>
  </testcase> <!-- verifycalenderDate -->
  <testcase name="verifyAdult" time="0.0" classname="com.qa.ClearTripQA.tests.HomePageTest">
    <skipped/>
  </testcase> <!-- verifyAdult -->
  <testcase name="verifyChildren" time="0.0" classname="com.qa.ClearTripQA.tests.HomePageTest">
    <skipped/>
  </testcase> <!-- verifyChildren -->
  <testcase name="verifyMoreOption" time="0.0" classname="com.qa.ClearTripQA.tests.HomePageTest">
    <skipped/>
  </testcase> <!-- verifyMoreOption -->
  <testcase name="verifyCurrencySelector" time="0.0" classname="com.qa.ClearTripQA.tests.HomePageTest">
    <skipped/>
  </testcase> <!-- verifyCurrencySelector -->
  <testcase name="verifyClickSearch" time="0.0" classname="com.qa.ClearTripQA.tests.HomePageTest">
    <skipped/>
  </testcase> <!-- verifyClickSearch -->
  <testcase name="verifyFlightSearchSummary" time="0.0" classname="com.qa.ClearTripQA.tests.HomePageTest">
    <skipped/>
  </testcase> <!-- verifyFlightSearchSummary -->
  <testcase name="verfiyPriceticket" time="0.0" classname="com.qa.ClearTripQA.tests.HomePageTest">
    <skipped/>
  </testcase> <!-- verfiyPriceticket -->
  <testcase name="verfiyflightInformation" time="0.0" classname="com.qa.ClearTripQA.tests.HomePageTest">
    <skipped/>
  </testcase> <!-- verfiyflightInformation -->
  <testcase name="verifyBookFlight" time="0.0" classname="com.qa.ClearTripQA.tests.HomePageTest">
    <skipped/>
  </testcase> <!-- verifyBookFlight -->
  <testcase name="verifyInformationheader" time="0.0" classname="com.qa.ClearTripQA.tests.HomePageTest">
    <skipped/>
  </testcase> <!-- verifyInformationheader -->
  <testcase name="verifyGetuserInfo" time="0.0" classname="com.qa.ClearTripQA.tests.HomePageTest">
    <skipped/>
  </testcase> <!-- verifyGetuserInfo -->
  <testcase name="verifyContinueBooking" time="0.0" classname="com.qa.ClearTripQA.tests.HomePageTest">
    <skipped/>
  </testcase> <!-- verifyContinueBooking -->
  <testcase name="verifyInsertInformation" time="0.0" classname="com.qa.ClearTripQA.tests.HomePageTest">
    <skipped/>
  </testcase> <!-- verifyInsertInformation -->
  <testcase name="verifyPaymentMethod" time="0.0" classname="com.qa.ClearTripQA.tests.HomePageTest">
    <skipped/>
  </testcase> <!-- verifyPaymentMethod -->
</testsuite> <!-- Default test -->
